<?xml version="1.0" encoding="UTF-8"?>
<!-- Generated by org.testng.reporters.JUnitReportReporter -->
<testsuite hostname="KHO" failures="0" tests="2" name="tests.APITesting" time="23.870" errors="0" timestamp="2022-04-17T13:32:33 CST" skipped="0">
  <testcase classname="tests.APITesting" name="postApiTesting" time="21.804"/>
  <system-out/>
  <testcase classname="tests.APITesting" name="getApiTesting" time="2.066"/>
  <system-out/>
</testsuite> <!-- tests.APITesting -->
